This file contains any messages produced by compilers while
running configure, to aid debugging if configure makes a mistake.

It was created by odin configure 0.0.1, which was
generated by GNU Autoconf 2.65.  Invocation command line was

  $ ./configure --prefix=/home/Ankur/Documents/dump/

## --------- ##
## Platform. ##
## --------- ##

hostname = 070905042
uname -m = x86_64
uname -r = 2.6.34.6-54.fc13.x86_64
uname -s = Linux
uname -v = #1 SMP Sun Sep 5 17:16:27 UTC 2010

/usr/bin/uname -p = unknown
/bin/uname -X     = unknown

/bin/arch              = x86_64
/usr/bin/arch -k       = unknown
/usr/convex/getsysinfo = unknown
/usr/bin/hostinfo      = unknown
/bin/machine           = unknown
/usr/bin/oslevel       = unknown
/bin/universe          = unknown

PATH: /usr/lib64/qt-3.3/bin
PATH: /usr/kerberos/sbin
PATH: /usr/kerberos/bin
PATH: /usr/lib64/ccache
PATH: /usr/local/bin
PATH: /usr/bin
PATH: /bin
PATH: /usr/local/sbin
PATH: /usr/sbin
PATH: /sbin
PATH: /home/Ankur/bin


## ----------- ##
## Core tests. ##
## ----------- ##

configure:1805: checking for a BSD-compatible install
configure:1873: result: /usr/bin/install -c
configure:1884: checking whether build environment is sane
configure:1934: result: yes
configure:2075: checking for a thread-safe mkdir -p
configure:2114: result: /bin/mkdir -p
configure:2127: checking for gawk
configure:2143: found /usr/bin/gawk
configure:2154: result: gawk
configure:2165: checking whether make sets $(MAKE)
configure:2187: result: yes
configure:2280: checking whether to enable maintainer-specific portions of Makefiles
configure:2289: result: no
configure:2350: checking for gcc
configure:2366: found /usr/lib64/ccache/gcc
configure:2377: result: gcc
configure:2606: checking for C compiler version
configure:2615: gcc --version >&5
gcc (GCC) 4.4.4 20100630 (Red Hat 4.4.4-10)
Copyright (C) 2010 Free Software Foundation, Inc.
This is free software; see the source for copying conditions.  There is NO
warranty; not even for MERCHANTABILITY or FITNESS FOR A PARTICULAR PURPOSE.

configure:2626: $? = 0
configure:2615: gcc -v >&5
Using built-in specs.
Target: x86_64-redhat-linux
Configured with: ../configure --prefix=/usr --mandir=/usr/share/man --infodir=/usr/share/info --with-bugurl=http://bugzilla.redhat.com/bugzilla --enable-bootstrap --enable-shared --enable-threads=posix --enable-checking=release --with-system-zlib --enable-__cxa_atexit --disable-libunwind-exceptions --enable-gnu-unique-object --enable-languages=c,c++,objc,obj-c++,java,fortran,ada --enable-java-awt=gtk --disable-dssi --with-java-home=/usr/lib/jvm/java-1.5.0-gcj-1.5.0.0/jre --enable-libgcj-multifile --enable-java-maintainer-mode --with-ecj-jar=/usr/share/java/eclipse-ecj.jar --disable-libjava-multilib --with-ppl --with-cloog --with-tune=generic --with-arch_32=i686 --build=x86_64-redhat-linux
Thread model: posix
gcc version 4.4.4 20100630 (Red Hat 4.4.4-10) (GCC) 
configure:2626: $? = 0
configure:2615: gcc -V >&5
gcc: '-V' option must have argument
configure:2626: $? = 1
configure:2615: gcc -qversion >&5
gcc: unrecognized option '-qversion'
gcc: no input files
configure:2626: $? = 1
configure:2646: checking whether the C compiler works
configure:2668: gcc    conftest.c  >&5
configure:2672: $? = 0
configure:2721: result: yes
configure:2724: checking for C compiler default output file name
configure:2726: result: a.out
configure:2732: checking for suffix of executables
configure:2739: gcc -o conftest    conftest.c  >&5
configure:2743: $? = 0
configure:2765: result: 
configure:2787: checking whether we are cross compiling
configure:2795: gcc -o conftest    conftest.c  >&5
configure:2799: $? = 0
configure:2806: ./conftest
configure:2810: $? = 0
configure:2825: result: no
configure:2830: checking for suffix of object files
configure:2852: gcc -c   conftest.c >&5
configure:2856: $? = 0
configure:2877: result: o
configure:2881: checking whether we are using the GNU C compiler
configure:2900: gcc -c   conftest.c >&5
configure:2900: $? = 0
configure:2909: result: yes
configure:2918: checking whether gcc accepts -g
configure:2938: gcc -c -g  conftest.c >&5
configure:2938: $? = 0
configure:2979: result: yes
configure:2996: checking for gcc option to accept ISO C89
configure:3060: gcc  -c -g -O2  conftest.c >&5
configure:3060: $? = 0
configure:3073: result: none needed
configure:3104: checking for style of include used by make
configure:3132: result: GNU
configure:3157: checking dependency style of gcc
configure:3267: result: gcc3
configure:3284: checking whether gcc and cc understand -c and -o together
configure:3315: gcc -c conftest.c -o conftest2.o >&5
configure:3319: $? = 0
configure:3325: gcc -c conftest.c -o conftest2.o >&5
configure:3329: $? = 0
configure:3340: cc -c conftest.c >&5
configure:3344: $? = 0
configure:3352: cc -c conftest.c -o conftest2.o >&5
configure:3356: $? = 0
configure:3362: cc -c conftest.c -o conftest2.o >&5
configure:3366: $? = 0
configure:3384: result: yes
configure:3459: checking for pkg-config
configure:3477: found /usr/bin/pkg-config
configure:3489: result: /usr/bin/pkg-config
configure:3514: checking pkg-config is at least version 0.9.0
configure:3517: result: yes
configure:3528: checking for PACKAGE
configure:3535: $PKG_CONFIG --exists --print-errors "ncurses"
configure:3538: $? = 0
configure:3551: $PKG_CONFIG --exists --print-errors "ncurses"
configure:3554: $? = 0
configure:3608: result: yes
configure:3775: creating ./config.status

## ---------------------- ##
## Running config.status. ##
## ---------------------- ##

This file was extended by odin config.status 0.0.1, which was
generated by GNU Autoconf 2.65.  Invocation command line was

  CONFIG_FILES    = 
  CONFIG_HEADERS  = 
  CONFIG_LINKS    = 
  CONFIG_COMMANDS = 
  $ ./config.status 

on 070905042

config.status:777: creating Makefile
config.status:777: creating src/Makefile
config.status:940: executing depfiles commands

## ---------------- ##
## Cache variables. ##
## ---------------- ##

ac_cv_c_compiler_gnu=yes
ac_cv_env_CC_set=
ac_cv_env_CC_value=
ac_cv_env_CFLAGS_set=
ac_cv_env_CFLAGS_value=
ac_cv_env_CPPFLAGS_set=
ac_cv_env_CPPFLAGS_value=
ac_cv_env_LDFLAGS_set=
ac_cv_env_LDFLAGS_value=
ac_cv_env_LIBS_set=
ac_cv_env_LIBS_value=
ac_cv_env_PACKAGE_CFLAGS_set=
ac_cv_env_PACKAGE_CFLAGS_value=
ac_cv_env_PACKAGE_LIBS_set=
ac_cv_env_PACKAGE_LIBS_value=
ac_cv_env_PKG_CONFIG_set=
ac_cv_env_PKG_CONFIG_value=
ac_cv_env_build_alias_set=
ac_cv_env_build_alias_value=
ac_cv_env_host_alias_set=
ac_cv_env_host_alias_value=
ac_cv_env_target_alias_set=
ac_cv_env_target_alias_value=
ac_cv_objext=o
ac_cv_path_ac_pt_PKG_CONFIG=/usr/bin/pkg-config
ac_cv_path_install='/usr/bin/install -c'
ac_cv_path_mkdir=/bin/mkdir
ac_cv_prog_AWK=gawk
ac_cv_prog_ac_ct_CC=gcc
ac_cv_prog_cc_c89=
ac_cv_prog_cc_g=yes
ac_cv_prog_cc_gcc_c_o=yes
ac_cv_prog_make_make_set=yes
am_cv_CC_dependencies_compiler_type=gcc3
pkg_cv_PACKAGE_CFLAGS=' '
pkg_cv_PACKAGE_LIBS='-lncurses -ltinfo  '

## ----------------- ##
## Output variables. ##
## ----------------- ##

ACLOCAL='${SHELL} "/home/Ankur/Documents/work/My Repos/odin/missing" --run aclocal-1.11'
AMDEPBACKSLASH='\'
AMDEP_FALSE='#'
AMDEP_TRUE=''
AMTAR='${SHELL} "/home/Ankur/Documents/work/My Repos/odin/missing" --run tar'
AUTOCONF='${SHELL} "/home/Ankur/Documents/work/My Repos/odin/missing" --run autoconf'
AUTOHEADER='${SHELL} "/home/Ankur/Documents/work/My Repos/odin/missing" --run autoheader'
AUTOMAKE='${SHELL} "/home/Ankur/Documents/work/My Repos/odin/missing" --run automake-1.11'
AWK='gawk'
CC='gcc'
CCDEPMODE='depmode=gcc3'
CFLAGS='-g -O2'
CPPFLAGS=''
CYGPATH_W='echo'
DEFS='-DPACKAGE_NAME=\"odin\" -DPACKAGE_TARNAME=\"odin\" -DPACKAGE_VERSION=\"0.0.1\" -DPACKAGE_STRING=\"odin\ 0.0.1\" -DPACKAGE_BUGREPORT=\"sanjay.ankur@gmail.com\" -DPACKAGE_URL=\"\" -DPACKAGE=\"odin\" -DVERSION=\"0.0.1\"'
DEPDIR='.deps'
ECHO_C=''
ECHO_N='-n'
ECHO_T=''
EXEEXT=''
INSTALL_DATA='${INSTALL} -m 644'
INSTALL_PROGRAM='${INSTALL}'
INSTALL_SCRIPT='${INSTALL}'
INSTALL_STRIP_PROGRAM='$(install_sh) -c -s'
LDFLAGS=''
LIBOBJS=''
LIBS=''
LTLIBOBJS=''
MAINT='#'
MAINTAINER_MODE_FALSE=''
MAINTAINER_MODE_TRUE='#'
MAKEINFO='${SHELL} "/home/Ankur/Documents/work/My Repos/odin/missing" --run makeinfo'
MKDIR_P='/bin/mkdir -p'
OBJEXT='o'
PACKAGE='odin'
PACKAGE_BUGREPORT='sanjay.ankur@gmail.com'
PACKAGE_CFLAGS=' '
PACKAGE_LIBS='-lncurses -ltinfo  '
PACKAGE_NAME='odin'
PACKAGE_STRING='odin 0.0.1'
PACKAGE_TARNAME='odin'
PACKAGE_URL=''
PACKAGE_VERSION='0.0.1'
PATH_SEPARATOR=':'
PKG_CONFIG='/usr/bin/pkg-config'
SET_MAKE=''
SHELL='/bin/sh'
STRIP=''
VERSION='0.0.1'
ac_ct_CC='gcc'
am__EXEEXT_FALSE=''
am__EXEEXT_TRUE='#'
am__fastdepCC_FALSE='#'
am__fastdepCC_TRUE=''
am__include='include'
am__isrc=''
am__leading_dot='.'
am__quote=''
am__tar='${AMTAR} chof - "$$tardir"'
am__untar='${AMTAR} xf -'
bindir='${exec_prefix}/bin'
build_alias=''
datadir='${datarootdir}'
datarootdir='${prefix}/share'
docdir='${datarootdir}/doc/${PACKAGE_TARNAME}'
dvidir='${docdir}'
exec_prefix='${prefix}'
host_alias=''
htmldir='${docdir}'
includedir='${prefix}/include'
infodir='${datarootdir}/info'
install_sh='${SHELL} '\''/home/Ankur/Documents/work/My Repos/odin/install-sh'\'''
libdir='${exec_prefix}/lib'
libexecdir='${exec_prefix}/libexec'
localedir='${datarootdir}/locale'
localstatedir='${prefix}/var'
mandir='${datarootdir}/man'
mkdir_p='/bin/mkdir -p'
oldincludedir='/usr/include'
pdfdir='${docdir}'
prefix='/home/Ankur/Documents/dump'
program_transform_name='s,x,x,'
psdir='${docdir}'
sbindir='${exec_prefix}/sbin'
sharedstatedir='${prefix}/com'
sysconfdir='${prefix}/etc'
target_alias=''

## ----------- ##
## confdefs.h. ##
## ----------- ##

/* confdefs.h */
#define PACKAGE_NAME "odin"
#define PACKAGE_TARNAME "odin"
#define PACKAGE_VERSION "0.0.1"
#define PACKAGE_STRING "odin 0.0.1"
#define PACKAGE_BUGREPORT "sanjay.ankur@gmail.com"
#define PACKAGE_URL ""
#define PACKAGE "odin"
#define VERSION "0.0.1"

configure: exit 0
